TN:
SF:src\firebase.ts
FNF:0
FNH:0
DA:6,3
DA:17,3
DA:20,3
DA:21,3
LF:4
LH:4
BRF:0
BRH:0
end_of_record
TN:
SF:src\api\tmdbApi.ts
FN:13,(anonymous_0)
FNF:1
FNH:0
FNDA:0,(anonymous_0)
DA:1,1
DA:2,1
DA:13,1
DA:14,0
DA:17,0
DA:18,0
LF:6
LH:3
BRF:0
BRH:0
end_of_record
TN:
SF:src\components\Auth\AuthModals.tsx
FN:6,AuthModals
FNF:1
FNH:1
FNDA:2,AuthModals
DA:8,2
DA:10,2
DA:12,2
LF:3
LH:3
BRDA:14,0,0,2
BRDA:14,0,1,1
BRDA:16,1,0,2
BRDA:16,1,1,1
BRF:4
BRH:4
end_of_record
TN:
SF:src\components\Auth\LoginForm.tsx
FN:11,LoginForm
FN:12,(anonymous_1)
FN:18,(anonymous_2)
FN:40,(anonymous_3)
FN:48,(anonymous_4)
FNF:5
FNH:4
FNDA:6,LoginForm
FNDA:0,(anonymous_1)
FNDA:1,(anonymous_2)
FNDA:1,(anonymous_3)
FNDA:1,(anonymous_4)
DA:12,6
DA:13,6
DA:15,6
DA:16,6
DA:18,6
DA:19,1
DA:21,1
DA:22,1
DA:23,1
DA:25,1
DA:29,6
DA:40,1
DA:48,1
LF:13
LH:13
BRDA:55,0,0,0
BRDA:55,0,1,6
BRDA:59,1,0,6
BRDA:59,1,1,0
BRF:4
BRH:2
end_of_record
TN:
SF:src\components\Auth\SignupForm.tsx
FN:11,SignupForm
FN:12,(anonymous_1)
FN:20,(anonymous_2)
FN:53,(anonymous_3)
FN:62,(anonymous_4)
FN:71,(anonymous_5)
FNF:6
FNH:6
FNDA:8,SignupForm
FNDA:7,(anonymous_1)
FNDA:1,(anonymous_2)
FNDA:1,(anonymous_3)
FNDA:1,(anonymous_4)
FNDA:1,(anonymous_5)
DA:12,8
DA:13,8
DA:15,8
DA:16,8
DA:17,8
DA:18,8
DA:20,8
DA:21,1
DA:22,1
DA:24,1
DA:25,0
DA:26,0
DA:29,1
DA:30,0
DA:31,0
DA:34,1
DA:35,1
DA:36,1
DA:38,0
DA:42,8
DA:53,1
DA:62,1
DA:71,1
LF:23
LH:18
BRDA:24,0,0,0
BRDA:24,0,1,1
BRDA:29,1,0,0
BRDA:29,1,1,1
BRDA:72,2,0,8
BRDA:72,2,1,8
BRDA:72,2,2,0
BRDA:75,3,0,0
BRDA:75,3,1,0
BRDA:83,4,0,0
BRDA:83,4,1,8
BRF:11
BRH:5
end_of_record
TN:
SF:src\components\CommunityReviews\CommunityReviews.tsx
FN:18,CommunityReviews
FN:27,(anonymous_1)
FNF:2
FNH:2
FNDA:3,CommunityReviews
FNDA:2,(anonymous_1)
DA:19,3
DA:28,2
LF:2
LH:2
BRDA:23,0,0,2
BRDA:23,0,1,1
BRDA:31,1,0,2
BRDA:31,1,1,1
BRF:4
BRH:4
end_of_record
TN:
SF:src\components\Footer\Footer.tsx
FN:10,Footer
FNF:1
FNH:1
FNDA:1,Footer
DA:11,1
LF:1
LH:1
BRF:0
BRH:0
end_of_record
TN:
SF:src\components\Header\Header.tsx
FN:17,Header
FN:18,(anonymous_1)
FN:19,(anonymous_2)
FN:28,(anonymous_3)
FN:34,(anonymous_4)
FN:51,(anonymous_5)
FN:54,(anonymous_6)
FN:76,(anonymous_7)
FN:80,(anonymous_8)
FN:83,(anonymous_9)
FN:124,(anonymous_10)
FNF:11
FNH:2
FNDA:4,Header
FNDA:0,(anonymous_1)
FNDA:0,(anonymous_2)
FNDA:2,(anonymous_3)
FNDA:0,(anonymous_4)
FNDA:0,(anonymous_5)
FNDA:0,(anonymous_6)
FNDA:0,(anonymous_7)
FNDA:0,(anonymous_8)
FNDA:0,(anonymous_9)
FNDA:0,(anonymous_10)
DA:18,4
DA:19,4
DA:20,4
DA:21,4
DA:22,4
DA:24,4
DA:25,4
DA:26,4
DA:28,4
DA:29,2
DA:30,2
DA:31,2
DA:34,0
DA:35,0
DA:36,0
DA:37,0
DA:42,0
DA:43,0
DA:45,0
DA:47,0
DA:51,0
DA:54,4
DA:55,0
DA:56,0
DA:57,0
DA:60,4
DA:76,0
DA:81,0
DA:83,0
DA:124,0
LF:30
LH:14
BRDA:29,0,0,2
BRDA:29,0,1,0
BRDA:43,1,0,0
BRDA:43,1,1,0
BRDA:78,2,0,4
BRDA:78,2,1,0
BRDA:78,2,2,0
BRDA:91,3,0,4
BRDA:91,3,1,0
BRDA:105,4,0,4
BRDA:105,4,1,0
BRF:11
BRH:4
end_of_record
TN:
SF:src\components\MovieCard\MovieCard.tsx
FN:21,MovieCard
FN:36,(anonymous_1)
FN:38,(anonymous_2)
FN:70,(anonymous_3)
FN:77,(anonymous_4)
FN:84,(anonymous_5)
FN:93,(anonymous_6)
FN:103,(anonymous_7)
FN:113,(anonymous_8)
FN:126,(anonymous_9)
FN:137,(anonymous_10)
FNF:11
FNH:2
FNDA:2,MovieCard
FNDA:6,(anonymous_1)
FNDA:0,(anonymous_2)
FNDA:0,(anonymous_3)
FNDA:0,(anonymous_4)
FNDA:0,(anonymous_5)
FNDA:0,(anonymous_6)
FNDA:0,(anonymous_7)
FNDA:0,(anonymous_8)
FNDA:0,(anonymous_9)
FNDA:0,(anonymous_10)
DA:32,2
DA:36,6
DA:38,2
DA:39,0
DA:40,0
DA:41,0
DA:43,0
DA:46,2
DA:70,0
DA:77,0
DA:84,0
DA:94,0
DA:104,0
DA:114,0
DA:126,0
DA:137,0
LF:16
LH:4
BRDA:23,0,0,1
BRDA:39,1,0,0
BRDA:39,1,1,0
BRDA:65,2,0,2
BRDA:65,2,1,0
BRDA:71,3,0,2
BRDA:71,3,1,0
BRDA:78,4,0,0
BRDA:78,4,1,2
BRDA:85,5,0,0
BRDA:85,5,1,2
BRDA:91,6,0,2
BRDA:91,6,1,2
BRDA:95,7,0,0
BRDA:95,7,1,0
BRDA:101,8,0,2
BRDA:101,8,1,0
BRDA:105,9,0,0
BRDA:105,9,1,0
BRDA:111,10,0,2
BRDA:111,10,1,0
BRDA:120,11,0,2
BRDA:120,11,1,2
BRDA:124,12,0,0
BRDA:124,12,1,2
BRDA:129,13,0,0
BRDA:129,13,1,2
BRDA:130,14,0,2
BRDA:130,14,1,0
BRDA:135,15,0,0
BRDA:135,15,1,2
BRDA:140,16,0,0
BRDA:140,16,1,2
BRDA:141,17,0,2
BRDA:141,17,1,0
BRF:35
BRH:17
end_of_record
TN:
SF:src\components\UI\Button\Button.tsx
FN:4,RandomMovieBtn
FNF:1
FNH:1
FNDA:2,RandomMovieBtn
DA:5,2
LF:1
LH:1
BRF:0
BRH:0
end_of_record
TN:
SF:src\components\UI\Modal\Modal.tsx
FN:12,Modal
FN:21,(anonymous_1)
FN:37,(anonymous_2)
FNF:3
FNH:3
FNDA:3,Modal
FNDA:3,(anonymous_1)
FNDA:1,(anonymous_2)
DA:18,3
DA:19,3
DA:21,3
DA:22,3
DA:23,3
DA:25,3
DA:26,2
DA:27,1
DA:28,0
DA:33,3
DA:38,1
LF:11
LH:10
BRDA:23,0,0,0
BRDA:23,0,1,3
BRDA:25,1,0,2
BRDA:25,1,1,1
BRDA:25,2,0,3
BRDA:25,2,1,2
BRDA:27,3,0,0
BRDA:27,3,1,1
BRDA:27,4,0,1
BRDA:27,4,1,1
BRDA:36,5,0,3
BRDA:36,5,1,2
BRDA:38,6,0,0
BRDA:38,6,1,1
BRF:14
BRH:11
end_of_record
TN:
SF:src\components\UI\Slider\Slider.tsx
FN:16,Slider
FN:25,(anonymous_1)
FN:30,(anonymous_2)
FN:35,(anonymous_3)
FN:38,(anonymous_4)
FN:39,(anonymous_5)
FN:47,(anonymous_6)
FN:61,(anonymous_7)
FN:69,(anonymous_8)
FN:70,(anonymous_9)
FNF:10
FNH:8
FNDA:13,Slider
FNDA:13,(anonymous_1)
FNDA:0,(anonymous_2)
FNDA:13,(anonymous_3)
FNDA:13,(anonymous_4)
FNDA:0,(anonymous_5)
FNDA:13,(anonymous_6)
FNDA:13,(anonymous_7)
FNDA:15,(anonymous_8)
FNDA:1,(anonymous_9)
DA:21,13
DA:22,13
DA:23,13
DA:25,13
DA:26,13
DA:27,13
DA:29,13
DA:30,0
DA:34,13
DA:35,13
DA:38,13
DA:39,13
DA:40,0
DA:42,0
DA:43,0
DA:46,13
DA:47,13
DA:50,13
DA:52,13
DA:61,13
DA:70,15
LF:21
LH:17
BRDA:27,0,0,0
BRDA:27,0,1,13
BRDA:40,1,0,0
BRDA:40,1,1,0
BRDA:40,2,0,0
BRDA:40,2,1,0
BRDA:42,3,0,0
BRDA:42,3,1,0
BRDA:42,4,0,0
BRDA:42,4,1,0
BRDA:50,5,0,0
BRDA:50,5,1,13
BRDA:50,6,0,13
BRDA:50,6,1,13
BRDA:54,7,0,13
BRDA:54,7,1,12
BRDA:73,8,0,15
BRDA:73,8,1,0
BRF:18
BRH:7
end_of_record
TN:
SF:src\components\review\Review.tsx
FN:13,(anonymous_0)
FN:16,(anonymous_1)
FN:19,(anonymous_2)
FN:59,(anonymous_3)
FNF:4
FNH:4
FNDA:6,(anonymous_0)
FNDA:3,(anonymous_1)
FNDA:1,(anonymous_2)
FNDA:1,(anonymous_3)
DA:13,2
DA:14,6
DA:15,6
DA:16,6
DA:17,6
DA:19,6
DA:20,1
DA:22,1
DA:23,0
DA:24,0
DA:25,0
DA:27,1
DA:29,1
DA:35,1
DA:36,1
DA:37,1
DA:38,1
DA:39,1
DA:41,0
DA:45,6
DA:59,1
LF:21
LH:17
BRDA:22,0,0,0
BRDA:22,0,1,1
BRDA:51,1,0,6
BRDA:51,1,1,0
BRDA:52,2,0,6
BRDA:52,2,1,1
BRDA:67,3,0,6
BRDA:67,3,1,6
BRDA:70,4,0,0
BRDA:70,4,1,6
BRF:10
BRH:7
end_of_record
TN:
SF:src\components\review\ReviewModal.tsx
FN:12,ReviewModal
FNF:1
FNH:1
FNDA:1,ReviewModal
DA:18,1
LF:1
LH:1
BRF:0
BRH:0
end_of_record
TN:
SF:src\hooks\useAuth.ts
FN:21,(anonymous_0)
FN:26,(anonymous_1)
FN:56,(anonymous_2)
FN:92,(anonymous_3)
FNF:4
FNH:1
FNDA:2,(anonymous_0)
FNDA:0,(anonymous_1)
FNDA:0,(anonymous_2)
FNDA:0,(anonymous_3)
DA:21,1
DA:22,2
DA:23,2
DA:24,2
DA:26,2
DA:27,0
DA:28,0
DA:30,0
DA:31,0
DA:32,0
DA:33,0
DA:38,0
DA:40,0
DA:45,0
DA:47,0
DA:49,0
DA:50,0
DA:52,0
DA:56,2
DA:61,0
DA:62,0
DA:64,0
DA:65,0
DA:66,0
DA:67,0
DA:68,0
DA:69,0
DA:74,0
DA:76,0
DA:81,0
DA:84,0
DA:86,0
DA:87,0
DA:89,0
DA:92,2
DA:93,0
DA:94,0
DA:95,0
DA:96,0
DA:97,0
DA:100,0
DA:102,0
DA:106,2
LF:43
LH:8
BRDA:31,0,0,0
BRDA:31,0,1,0
BRDA:31,1,0,0
BRDA:31,1,1,0
BRDA:43,2,0,0
BRDA:43,2,1,0
BRDA:47,3,0,0
BRDA:47,3,1,0
BRDA:65,4,0,0
BRDA:65,4,1,0
BRDA:67,5,0,0
BRDA:67,5,1,0
BRDA:84,6,0,0
BRDA:84,6,1,0
BRDA:100,7,0,0
BRDA:100,7,1,0
BRF:16
BRH:0
end_of_record
TN:
SF:src\hooks\useListManagement.ts
FN:15,(anonymous_0)
FN:34,(anonymous_1)
FN:41,(anonymous_2)
FN:49,(anonymous_3)
FN:58,(anonymous_4)
FN:73,(anonymous_5)
FN:80,(anonymous_6)
FN:81,(anonymous_7)
FN:119,(anonymous_8)
FN:120,(anonymous_9)
FN:125,(anonymous_10)
FN:127,(anonymous_11)
FNF:12
FNH:1
FNDA:4,(anonymous_0)
FNDA:0,(anonymous_1)
FNDA:0,(anonymous_2)
FNDA:0,(anonymous_3)
FNDA:0,(anonymous_4)
FNDA:0,(anonymous_5)
FNDA:0,(anonymous_6)
FNDA:0,(anonymous_7)
FNDA:0,(anonymous_8)
FNDA:0,(anonymous_9)
FNDA:0,(anonymous_10)
FNDA:0,(anonymous_11)
DA:15,2
DA:16,4
DA:17,4
DA:29,4
DA:31,4
DA:33,4
DA:35,0
DA:36,0
DA:41,4
DA:42,0
DA:43,0
DA:44,0
DA:46,0
DA:47,0
DA:48,0
DA:49,0
DA:56,0
DA:57,0
DA:58,0
DA:65,0
DA:66,0
DA:68,0
DA:72,4
DA:74,0
DA:75,0
DA:76,0
DA:79,0
DA:80,0
DA:81,0
DA:83,0
DA:84,0
DA:86,0
DA:87,0
DA:88,0
DA:90,0
DA:91,0
DA:94,0
DA:96,0
DA:101,0
DA:102,0
DA:104,0
DA:119,4
DA:120,4
DA:122,4
DA:126,0
DA:128,0
LF:46
LH:11
BRDA:35,0,0,0
BRDA:35,0,1,0
BRDA:42,1,0,0
BRDA:42,1,1,0
BRDA:65,2,0,0
BRDA:65,2,1,0
BRDA:74,3,0,0
BRDA:74,3,1,0
BRDA:79,4,0,0
BRDA:79,4,1,0
BRDA:86,5,0,0
BRDA:86,5,1,0
BRDA:87,6,0,0
BRDA:87,6,1,0
BRDA:90,7,0,0
BRDA:90,7,1,0
BRDA:94,8,0,0
BRDA:94,8,1,0
BRDA:101,9,0,0
BRDA:101,9,1,0
BRF:20
BRH:0
end_of_record
TN:
SF:src\hooks\useReviewActions.ts
FN:12,(anonymous_0)
FN:16,(anonymous_1)
FN:18,(anonymous_2)
FNF:3
FNH:2
FNDA:1,(anonymous_0)
FNDA:3,(anonymous_1)
FNDA:0,(anonymous_2)
DA:12,1
DA:13,1
DA:14,1
DA:16,3
DA:18,1
DA:19,0
DA:20,0
DA:21,0
DA:22,0
DA:25,0
DA:26,0
DA:28,0
DA:29,0
DA:31,0
DA:42,0
DA:44,0
DA:45,0
DA:46,0
DA:48,0
DA:52,1
LF:20
LH:6
BRDA:19,0,0,0
BRDA:19,0,1,0
BRDA:37,1,0,0
BRDA:37,1,1,0
BRDA:42,2,0,0
BRDA:42,2,1,0
BRF:6
BRH:0
end_of_record
TN:
SF:src\pages\Home\Home.tsx
FN:17,Home
FN:23,(anonymous_1)
FN:24,loadAllGenres
FN:29,(anonymous_3)
FN:30,(anonymous_4)
FN:43,(anonymous_5)
FN:50,(anonymous_6)
FNF:7
FNH:6
FNDA:2,Home
FNDA:1,(anonymous_1)
FNDA:1,loadAllGenres
FNDA:7,(anonymous_3)
FNDA:7,(anonymous_4)
FNDA:0,(anonymous_5)
FNDA:14,(anonymous_6)
DA:7,1
DA:18,2
DA:21,2
DA:23,2
DA:25,1
DA:26,1
DA:27,7
DA:28,7
DA:29,7
DA:30,7
DA:35,7
DA:37,1
DA:40,1
DA:43,2
DA:44,0
DA:47,2
DA:51,14
LF:17
LH:16
BRDA:51,0,0,14
BRDA:51,0,1,7
BRDA:51,0,2,7
BRF:3
BRH:3
end_of_record
TN:
SF:src\pages\MovieDetails\MovieDetails.tsx
FN:21,MovieDetails
FN:38,(anonymous_1)
FN:45,(anonymous_2)
FN:52,(anonymous_3)
FN:59,(anonymous_4)
FN:60,fetchMovie
FN:90,(anonymous_6)
FN:101,(anonymous_7)
FNF:8
FNH:4
FNDA:2,MovieDetails
FNDA:2,(anonymous_1)
FNDA:0,(anonymous_2)
FNDA:0,(anonymous_3)
FNDA:1,(anonymous_4)
FNDA:1,fetchMovie
FNDA:0,(anonymous_6)
FNDA:0,(anonymous_7)
DA:22,2
DA:23,2
DA:25,2
DA:26,2
DA:27,2
DA:36,2
DA:37,2
DA:38,2
DA:45,2
DA:46,0
DA:47,0
DA:48,0
DA:50,0
DA:52,2
DA:53,0
DA:54,0
DA:55,0
DA:57,0
DA:59,2
DA:61,1
DA:62,1
DA:65,1
DA:66,1
DA:67,1
DA:69,1
DA:72,1
DA:73,1
DA:74,1
DA:76,0
DA:80,1
DA:83,2
DA:85,1
DA:90,0
DA:101,0
LF:34
LH:23
BRDA:39,0,0,2
BRDA:39,0,1,1
BRDA:40,1,0,2
BRDA:40,1,1,1
BRDA:41,2,0,2
BRDA:41,2,1,2
BRDA:46,3,0,0
BRDA:46,3,1,0
BRDA:53,4,0,0
BRDA:53,4,1,0
BRDA:65,5,0,0
BRDA:65,5,1,1
BRDA:72,6,0,0
BRDA:72,6,1,1
BRDA:74,7,0,1
BRDA:74,7,1,0
BRDA:83,8,0,1
BRDA:83,8,1,1
BRF:18
BRH:11
end_of_record
TN:
SF:src\pages\Profile\Profile.tsx
FN:8,Profile
FN:15,(anonymous_1)
FN:20,(anonymous_2)
FN:20,(anonymous_3)
FN:78,(anonymous_4)
FNF:5
FNH:3
FNDA:2,Profile
FNDA:0,(anonymous_1)
FNDA:2,(anonymous_2)
FNDA:2,(anonymous_3)
FNDA:0,(anonymous_4)
DA:9,2
DA:10,2
DA:12,2
DA:13,2
DA:15,2
DA:16,0
DA:19,2
DA:20,2
DA:23,2
DA:79,0
LF:10
LH:8
BRDA:31,0,0,2
BRDA:31,0,1,0
BRDA:32,1,0,2
BRDA:32,1,1,0
BRDA:43,2,0,2
BRDA:43,2,1,2
BRDA:51,3,0,2
BRDA:51,3,1,2
BRDA:59,4,0,2
BRDA:59,4,1,0
BRDA:59,4,2,0
BRDA:67,5,0,2
BRDA:67,5,1,0
BRDA:68,6,0,2
BRDA:68,6,1,0
BRDA:72,7,0,2
BRDA:72,7,1,2
BRDA:72,7,2,2
BRDA:76,8,0,2
BRDA:76,8,1,2
BRDA:76,8,2,0
BRF:21
BRH:14
end_of_record
TN:
SF:src\pages\RandomMovie\RandomMovie.tsx
FN:18,RandomMovie
FN:24,(anonymous_1)
FN:37,(anonymous_2)
FN:63,(anonymous_3)
FN:67,(anonymous_4)
FN:69,(anonymous_5)
FN:74,(anonymous_6)
FN:81,(anonymous_7)
FN:94,(anonymous_8)
FNF:9
FNH:5
FNDA:2,RandomMovie
FNDA:2,(anonymous_1)
FNDA:1,(anonymous_2)
FNDA:1,(anonymous_3)
FNDA:0,(anonymous_4)
FNDA:0,(anonymous_5)
FNDA:0,(anonymous_6)
FNDA:0,(anonymous_7)
FNDA:14,(anonymous_8)
DA:8,1
DA:19,2
DA:20,2
DA:21,2
DA:23,2
DA:24,2
DA:33,2
DA:35,2
DA:37,2
DA:38,1
DA:39,1
DA:41,1
DA:44,1
DA:47,1
DA:51,1
DA:55,1
DA:56,1
DA:57,1
DA:59,0
DA:63,2
DA:64,1
DA:67,2
DA:69,2
DA:70,0
DA:71,0
DA:74,2
DA:75,0
DA:77,0
DA:78,0
DA:81,2
DA:83,2
DA:95,14
LF:32
LH:26
BRDA:25,0,0,2
BRDA:25,0,1,1
BRDA:26,1,0,2
BRDA:26,1,1,1
BRDA:27,2,0,2
BRDA:27,2,1,2
BRDA:75,3,0,0
BRDA:75,3,1,0
BRDA:75,4,0,0
BRDA:75,4,1,0
BRDA:103,5,0,2
BRDA:103,5,1,1
BRDA:121,6,0,2
BRDA:121,6,1,2
BRDA:121,6,2,0
BRDA:123,7,0,0
BRDA:123,7,1,2
BRF:17
BRH:11
end_of_record
TN:
SF:src\store\authModalStore.ts
FN:13,(anonymous_0)
FN:15,(anonymous_1)
FN:16,(anonymous_2)
FN:17,(anonymous_3)
FN:18,(anonymous_4)
FNF:5
FNH:1
FNDA:2,(anonymous_0)
FNDA:0,(anonymous_1)
FNDA:0,(anonymous_2)
FNDA:0,(anonymous_3)
FNDA:0,(anonymous_4)
DA:13,2
DA:15,0
DA:16,0
DA:17,0
DA:18,0
LF:5
LH:1
BRF:0
BRH:0
end_of_record
TN:
SF:src\store\userStore.ts
FN:41,(anonymous_0)
FN:51,(anonymous_1)
FN:64,(anonymous_2)
FN:70,(anonymous_3)
FN:76,(anonymous_4)
FN:77,(anonymous_5)
FN:78,(anonymous_6)
FN:79,(anonymous_7)
FN:81,(anonymous_8)
FN:82,(anonymous_9)
FN:83,(anonymous_10)
FN:84,(anonymous_11)
FN:86,(anonymous_12)
FN:87,(anonymous_13)
FN:88,(anonymous_14)
FN:89,(anonymous_15)
FNF:16
FNH:3
FNDA:6,(anonymous_0)
FNDA:3,(anonymous_1)
FNDA:3,(anonymous_2)
FNDA:0,(anonymous_3)
FNDA:0,(anonymous_4)
FNDA:0,(anonymous_5)
FNDA:0,(anonymous_6)
FNDA:0,(anonymous_7)
FNDA:0,(anonymous_8)
FNDA:0,(anonymous_9)
FNDA:0,(anonymous_10)
FNDA:0,(anonymous_11)
FNDA:0,(anonymous_12)
FNDA:0,(anonymous_13)
FNDA:0,(anonymous_14)
FNDA:0,(anonymous_15)
DA:41,3
DA:42,6
DA:43,6
DA:44,6
DA:46,0
DA:47,0
DA:51,3
DA:52,3
DA:53,3
DA:54,3
DA:55,0
DA:56,0
DA:58,0
DA:59,0
DA:60,0
DA:64,3
DA:71,0
DA:72,0
DA:73,0
DA:76,0
DA:78,0
DA:79,0
DA:81,0
DA:83,0
DA:84,0
DA:86,0
DA:88,0
DA:89,0
DA:92,3
LF:29
LH:10
BRDA:44,0,0,0
BRDA:44,0,1,6
BRDA:54,1,0,3
BRDA:54,1,1,0
BRDA:56,2,0,0
BRDA:56,2,1,0
BRDA:72,3,0,0
BRDA:72,3,1,0
BRF:8
BRH:2
end_of_record
